[10-Sep-2021 04:37:32 UTC] PHP Notice:  Undefined variable: data in /var/www/html/public_html/educacion/admin/functions/Pagos/Pagos.php on line 143
[10-Sep-2021 04:37:50 UTC] PHP Notice:  Undefined variable: data in /var/www/html/public_html/educacion/admin/functions/Pagos/Pagos.php on line 143
[10-Sep-2021 04:38:12 UTC] PHP Notice:  Undefined variable: data in /var/www/html/public_html/educacion/admin/functions/Pagos/Pagos.php on line 143
[10-Sep-2021 04:38:41 UTC] PHP Notice:  Undefined variable: data in /var/www/html/public_html/educacion/admin/functions/Pagos/Pagos.php on line 143
[10-Sep-2021 04:39:09 UTC] PHP Notice:  Undefined variable: data in /var/www/html/public_html/educacion/admin/functions/Pagos/Pagos.php on line 143
[10-Sep-2021 04:40:00 UTC] PHP Notice:  Undefined variable: data in /var/www/html/public_html/educacion/admin/functions/Pagos/Pagos.php on line 143
[10-Sep-2021 04:40:20 UTC] PHP Notice:  Undefined variable: data in /var/www/html/public_html/educacion/admin/functions/Pagos/Pagos.php on line 143
[10-Sep-2021 04:40:36 UTC] PHP Notice:  Undefined variable: data in /var/www/html/public_html/educacion/admin/functions/Pagos/Pagos.php on line 143
[10-Sep-2021 04:40:49 UTC] PHP Notice:  Undefined variable: data in /var/www/html/public_html/educacion/admin/functions/Pagos/Pagos.php on line 143
[10-Sep-2021 04:41:56 UTC] PHP Notice:  Undefined variable: data in /var/www/html/public_html/educacion/admin/functions/Pagos/Pagos.php on line 143
[10-Sep-2021 18:23:33 UTC] PHP Notice:  Undefined variable: data in /var/www/html/public_html/educacion/admin/functions/Pagos/Pagos.php on line 143
[24-Sep-2021 17:43:46 UTC] PHP Notice:  Undefined variable: data in /var/www/html/public_html/educacion/admin/functions/Pagos/Pagos.php on line 143
[24-Sep-2021 17:44:54 UTC] PHP Notice:  Undefined variable: data in /var/www/html/public_html/educacion/admin/functions/Pagos/Pagos.php on line 143
[27-Sep-2021 16:11:23 UTC] PHP Notice:  Undefined variable: data in /var/www/html/public_html/educacion/admin/functions/Pagos/Pagos.php on line 143
[27-Sep-2021 18:52:33 UTC] PHP Notice:  Undefined variable: data in /var/www/html/public_html/educacion/admin/functions/Pagos/Pagos.php on line 143
[28-Sep-2021 00:29:50 UTC] PHP Notice:  Undefined variable: data in /var/www/html/public_html/educacion/admin/functions/Pagos/Pagos.php on line 143
[28-Sep-2021 03:16:16 UTC] PHP Notice:  Undefined variable: data in /var/www/html/public_html/educacion/admin/functions/Pagos/Pagos.php on line 143
[28-Sep-2021 03:16:18 UTC] PHP Notice:  Undefined variable: data in /var/www/html/public_html/educacion/admin/functions/Pagos/Pagos.php on line 143
[28-Sep-2021 03:16:19 UTC] PHP Notice:  Undefined variable: data in /var/www/html/public_html/educacion/admin/functions/Pagos/Pagos.php on line 143
[28-Sep-2021 03:16:25 UTC] PHP Notice:  Undefined variable: data in /var/www/html/public_html/educacion/admin/functions/Pagos/Pagos.php on line 143
[28-Sep-2021 03:18:51 UTC] PHP Notice:  Undefined variable: data in /var/www/html/public_html/educacion/admin/functions/Pagos/Pagos.php on line 143
[28-Sep-2021 05:21:50 UTC] PHP Notice:  Undefined variable: data in /var/www/html/public_html/educacion/admin/functions/Pagos/Pagos.php on line 143
[28-Sep-2021 05:22:18 UTC] PHP Notice:  Undefined variable: data in /var/www/html/public_html/educacion/admin/functions/Pagos/Pagos.php on line 143
[28-Sep-2021 05:30:19 UTC] PHP Notice:  Undefined variable: data in /var/www/html/public_html/educacion/admin/functions/Pagos/Pagos.php on line 143
[28-Sep-2021 05:30:31 UTC] PHP Notice:  Undefined variable: data in /var/www/html/public_html/educacion/admin/functions/Pagos/Pagos.php on line 143
[28-Sep-2021 05:32:30 UTC] PHP Notice:  Undefined variable: data in /var/www/html/public_html/educacion/admin/functions/Pagos/Pagos.php on line 143
[28-Sep-2021 13:24:00 UTC] PHP Notice:  Undefined variable: data in /var/www/html/public_html/educacion/admin/functions/Pagos/Pagos.php on line 143
[28-Sep-2021 13:24:50 UTC] PHP Notice:  Undefined variable: data in /var/www/html/public_html/educacion/admin/functions/Pagos/Pagos.php on line 143
[28-Sep-2021 13:27:41 UTC] PHP Notice:  Undefined variable: data in /var/www/html/public_html/educacion/admin/functions/Pagos/Pagos.php on line 143
[28-Sep-2021 13:43:23 UTC] PHP Notice:  Undefined variable: data in /var/www/html/public_html/educacion/admin/functions/Pagos/Pagos.php on line 143
[28-Sep-2021 13:46:35 UTC] PHP Notice:  Undefined variable: data in /var/www/html/public_html/educacion/admin/functions/Pagos/Pagos.php on line 143
[28-Sep-2021 13:46:43 UTC] PHP Notice:  Undefined variable: data in /var/www/html/public_html/educacion/admin/functions/Pagos/Pagos.php on line 143
[01-Oct-2021 13:58:59 UTC] PHP Notice:  Undefined variable: data in /var/www/html/public_html/educacion/admin/functions/Pagos/Pagos.php on line 143
[04-Oct-2021 15:24:51 UTC] PHP Notice:  Undefined variable: data in /var/www/html/public_html/educacion/admin/functions/Pagos/Pagos.php on line 143
[04-Oct-2021 20:22:47 UTC] PHP Notice:  Undefined variable: data in /var/www/html/public_html/educacion/admin/functions/Pagos/Pagos.php on line 143
[05-Oct-2021 15:29:25 UTC] PHP Notice:  Undefined variable: data in /var/www/html/public_html/educacion/admin/functions/Pagos/Pagos.php on line 143
[10-Oct-2021 03:50:50 UTC] PHP Notice:  Undefined variable: data in /var/www/html/public_html/educacion/admin/functions/Pagos/Pagos.php on line 143
[18-Oct-2021 01:26:30 UTC] PHP Notice:  Undefined variable: data in /var/www/html/public_html/educacion/admin/functions/Pagos/Pagos.php on line 143
[18-Oct-2021 17:35:39 UTC] PHP Notice:  Undefined variable: data in /var/www/html/public_html/educacion/admin/functions/Pagos/Pagos.php on line 143
[09-Nov-2021 14:44:17 UTC] PHP Notice:  Undefined variable: data in /var/www/html/public_html/educacion/admin/functions/Pagos/Pagos.php on line 143
[25-Nov-2021 00:40:50 UTC] PHP Notice:  Undefined variable: data in /var/www/html/public_html/educacion/admin/functions/Pagos/Pagos.php on line 143
[25-Nov-2021 00:40:58 UTC] PHP Notice:  Undefined variable: data in /var/www/html/public_html/educacion/admin/functions/Pagos/Pagos.php on line 143
[30-Nov-2021 16:01:14 UTC] PHP Notice:  Undefined variable: data in /var/www/html/public_html/educacion/admin/functions/Pagos/Pagos.php on line 143
[30-Dec-2021 03:45:01 UTC] PHP Notice:  Undefined variable: data in /var/www/html/public_html/educacion/admin/functions/Pagos/Pagos.php on line 143
[11-Jan-2022 15:18:32 UTC] PHP Notice:  Undefined variable: data in /var/www/html/public_html/educacion/admin/functions/Pagos/Pagos.php on line 143
[14-Jan-2022 14:59:26 UTC] PHP Notice:  Undefined variable: data in /var/www/html/public_html/educacion/admin/functions/Pagos/Pagos.php on line 143
[17-Jan-2022 03:57:39 UTC] PHP Notice:  Undefined variable: data in /var/www/html/public_html/educacion/admin/functions/Pagos/Pagos.php on line 143
[09-Feb-2022 14:23:27 UTC] PHP Notice:  Undefined variable: data in /var/www/html/public_html/educacion/admin/functions/Pagos/Pagos.php on line 143
[13-Dec-2023 00:00:08 UTC] PHP Notice:  Undefined variable: data in /var/www/html/educacion/admin/functions/Pagos/Pagos.php on line 143
[13-Dec-2023 00:01:46 UTC] PHP Notice:  Undefined variable: data in /var/www/html/educacion/admin/functions/Pagos/Pagos.php on line 143
[13-Dec-2023 00:17:23 UTC] PHP Notice:  Undefined variable: data in /var/www/html/educacion/admin/functions/Pagos/Pagos.php on line 143
[13-Dec-2023 00:31:42 UTC] PHP Notice:  Undefined variable: data in /var/www/html/educacion/admin/functions/Pagos/Pagos.php on line 143
[13-Dec-2023 00:35:47 UTC] PHP Notice:  Undefined variable: data in /var/www/html/educacion/admin/functions/Pagos/Pagos.php on line 143
[13-Dec-2023 00:38:25 UTC] PHP Notice:  Undefined variable: data in /var/www/html/educacion/admin/functions/Pagos/Pagos.php on line 143
[13-Dec-2023 16:17:32 UTC] PHP Notice:  Undefined variable: data in /var/www/html/educacion/admin/functions/Pagos/Pagos.php on line 143
[13-Dec-2023 19:50:23 UTC] PHP Notice:  Undefined variable: data in /var/www/html/educacion/admin/functions/Pagos/Pagos.php on line 143
[13-Dec-2023 20:11:09 UTC] PHP Notice:  Undefined variable: data in /var/www/html/educacion/admin/functions/Pagos/Pagos.php on line 143
[11-Jan-2024 15:56:27 UTC] PHP Notice:  Undefined variable: data in /var/www/html/educacion/admin/functions/Pagos/Pagos.php on line 143
[15-Jan-2024 14:50:16 UTC] PHP Warning:  mysqli_fetch_assoc() expects parameter 1 to be mysqli_result, bool given in /var/www/html/educacion/admin/functions/Pagos/Pagos.php on line 90
[15-Jan-2024 14:50:16 UTC] PHP Notice:  Undefined variable: data in /var/www/html/educacion/admin/functions/Pagos/Pagos.php on line 143
[15-Jan-2024 14:50:25 UTC] PHP Warning:  mysqli_fetch_assoc() expects parameter 1 to be mysqli_result, bool given in /var/www/html/educacion/admin/functions/Pagos/Pagos.php on line 90
[15-Jan-2024 14:50:25 UTC] PHP Notice:  Undefined variable: data in /var/www/html/educacion/admin/functions/Pagos/Pagos.php on line 143
