[18-Oct-2021 12:59:23 UTC] PHP Notice:  Undefined index: docente_id in /var/www/html/public_html/educacion/profesor/functions/Alumno/Alumno.php on line 64
[18-Oct-2021 20:57:17 UTC] PHP Notice:  Undefined index: docente_id in /var/www/html/public_html/educacion/profesor/functions/Alumno/Alumno.php on line 64
[19-Oct-2021 01:11:48 UTC] PHP Notice:  Undefined index: docente_id in /var/www/html/public_html/educacion/profesor/functions/Alumno/Alumno.php on line 64
[19-Oct-2021 01:12:10 UTC] PHP Notice:  Undefined index: docente_id in /var/www/html/public_html/educacion/profesor/functions/Alumno/Alumno.php on line 64
[19-Oct-2021 01:12:23 UTC] PHP Notice:  Undefined index: docente_id in /var/www/html/public_html/educacion/profesor/functions/Alumno/Alumno.php on line 64
[19-Oct-2021 01:12:36 UTC] PHP Notice:  Undefined index: docente_id in /var/www/html/public_html/educacion/profesor/functions/Alumno/Alumno.php on line 64
[19-Oct-2021 01:13:18 UTC] PHP Notice:  Undefined index: docente_id in /var/www/html/public_html/educacion/profesor/functions/Alumno/Alumno.php on line 64
[19-Oct-2021 01:19:39 UTC] PHP Notice:  Undefined index: docente_id in /var/www/html/public_html/educacion/profesor/functions/Alumno/Alumno.php on line 64
[19-Oct-2021 02:32:23 UTC] PHP Notice:  Undefined index: docente_id in /var/www/html/public_html/educacion/profesor/functions/Alumno/Alumno.php on line 37
[19-Oct-2021 02:32:26 UTC] PHP Notice:  Undefined index: docente_id in /var/www/html/public_html/educacion/profesor/functions/Alumno/Alumno.php on line 37
[19-Oct-2021 03:53:16 UTC] PHP Notice:  Undefined index: docente_id in /var/www/html/public_html/educacion/profesor/functions/Alumno/Alumno.php on line 37
[19-Oct-2021 03:53:24 UTC] PHP Notice:  Undefined index: docente_id in /var/www/html/public_html/educacion/profesor/functions/Alumno/Alumno.php on line 37
[19-Oct-2021 21:16:58 UTC] PHP Notice:  Undefined index: docente_id in /var/www/html/public_html/educacion/profesor/functions/Alumno/Alumno.php on line 37
[19-Oct-2021 23:36:58 UTC] PHP Notice:  Undefined index: docente_id in /var/www/html/public_html/educacion/profesor/functions/Alumno/Alumno.php on line 37
[20-Oct-2021 17:07:04 UTC] PHP Notice:  Undefined index: docente_id in /var/www/html/public_html/educacion/profesor/functions/Alumno/Alumno.php on line 37
[20-Oct-2021 22:15:48 UTC] PHP Notice:  Undefined index: docente_id in /var/www/html/public_html/educacion/profesor/functions/Alumno/Alumno.php on line 37
[23-Oct-2021 15:22:09 UTC] PHP Notice:  Undefined index: docente_id in /var/www/html/public_html/educacion/profesor/functions/Alumno/Alumno.php on line 37
[25-Oct-2021 20:57:55 UTC] PHP Notice:  Undefined index: docente_id in /var/www/html/public_html/educacion/profesor/functions/Alumno/Alumno.php on line 37
[26-Oct-2021 13:00:05 UTC] PHP Notice:  Undefined index: docente_id in /var/www/html/public_html/educacion/profesor/functions/Alumno/Alumno.php on line 37
[26-Oct-2021 15:00:39 UTC] PHP Notice:  Undefined index: docente_id in /var/www/html/public_html/educacion/profesor/functions/Alumno/Alumno.php on line 37
[27-Oct-2021 23:11:12 UTC] PHP Notice:  Undefined index: docente_id in /var/www/html/public_html/educacion/profesor/functions/Alumno/Alumno.php on line 37
[29-Oct-2021 12:35:45 UTC] PHP Notice:  Undefined index: docente_id in /var/www/html/public_html/educacion/profesor/functions/Alumno/Alumno.php on line 37
[29-Oct-2021 12:36:15 UTC] PHP Notice:  Undefined index: docente_id in /var/www/html/public_html/educacion/profesor/functions/Alumno/Alumno.php on line 37
[29-Oct-2021 12:50:35 UTC] PHP Notice:  Undefined index: docente_id in /var/www/html/public_html/educacion/profesor/functions/Alumno/Alumno.php on line 37
[29-Oct-2021 12:50:39 UTC] PHP Notice:  Undefined index: docente_id in /var/www/html/public_html/educacion/profesor/functions/Alumno/Alumno.php on line 37
[02-Nov-2021 14:52:36 UTC] PHP Notice:  Undefined index: docente_id in /var/www/html/public_html/educacion/profesor/functions/Alumno/Alumno.php on line 37
[05-Nov-2021 04:38:08 UTC] PHP Notice:  Undefined index: docente_id in /var/www/html/public_html/educacion/profesor/functions/Alumno/Alumno.php on line 37
[12-Nov-2021 13:06:32 UTC] PHP Notice:  Undefined index: docente_id in /var/www/html/public_html/educacion/profesor/functions/Alumno/Alumno.php on line 37
[18-Nov-2021 13:40:16 UTC] PHP Notice:  Undefined index: docente_id in /var/www/html/public_html/educacion/profesor/functions/Alumno/Alumno.php on line 37
[19-Nov-2021 18:11:20 UTC] PHP Notice:  Undefined index: docente_id in /var/www/html/public_html/educacion/profesor/functions/Alumno/Alumno.php on line 37
[23-Nov-2021 13:21:19 UTC] PHP Notice:  Undefined index: docente_id in /var/www/html/public_html/educacion/profesor/functions/Alumno/Alumno.php on line 37
[27-Nov-2021 17:42:13 UTC] PHP Notice:  Undefined index: docente_id in /var/www/html/public_html/educacion/profesor/functions/Alumno/Alumno.php on line 37
[03-Dec-2021 05:31:33 UTC] PHP Notice:  Undefined index: docente_id in /var/www/html/public_html/educacion/profesor/functions/Alumno/Alumno.php on line 37
[07-Dec-2021 22:40:00 UTC] PHP Notice:  Undefined index: docente_id in /var/www/html/public_html/educacion/profesor/functions/Alumno/Alumno.php on line 37
[09-Dec-2021 01:01:40 UTC] PHP Notice:  Undefined index: docente_id in /var/www/html/public_html/educacion/profesor/functions/Alumno/Alumno.php on line 37
[12-Dec-2021 16:37:24 UTC] PHP Notice:  Undefined index: docente_id in /var/www/html/public_html/educacion/profesor/functions/Alumno/Alumno.php on line 37
[13-Dec-2021 22:33:31 UTC] PHP Notice:  Undefined index: docente_id in /var/www/html/public_html/educacion/profesor/functions/Alumno/Alumno.php on line 37
[14-Dec-2021 03:09:37 UTC] PHP Notice:  Undefined index: docente_id in /var/www/html/public_html/educacion/profesor/functions/Alumno/Alumno.php on line 37
[14-Dec-2021 04:55:29 UTC] PHP Notice:  Undefined index: docente_id in /var/www/html/public_html/educacion/profesor/functions/Alumno/Alumno.php on line 37
[17-Dec-2021 14:06:03 UTC] PHP Notice:  Undefined index: docente_id in /var/www/html/public_html/educacion/profesor/functions/Alumno/Alumno.php on line 37
[17-Dec-2021 14:06:07 UTC] PHP Notice:  Undefined index: docente_id in /var/www/html/public_html/educacion/profesor/functions/Alumno/Alumno.php on line 37
[17-Jan-2022 03:55:03 UTC] PHP Notice:  Undefined variable: data in /var/www/html/public_html/educacion/profesor/functions/Alumno/Alumno.php on line 81
[17-Jan-2022 16:06:30 UTC] PHP Notice:  Undefined index: docente_id in /var/www/html/public_html/educacion/profesor/functions/Alumno/Alumno.php on line 65
[17-Jan-2022 20:20:54 UTC] PHP Notice:  Undefined index: docente_id in /var/www/html/public_html/educacion/profesor/functions/Alumno/Alumno.php on line 65
[17-Jan-2022 21:55:24 UTC] PHP Notice:  Undefined index: docente_id in /var/www/html/public_html/educacion/profesor/functions/Alumno/Alumno.php on line 65
[17-Jan-2022 23:58:55 UTC] PHP Notice:  Undefined index: docente_id in /var/www/html/public_html/educacion/profesor/functions/Alumno/Alumno.php on line 65
[18-Jan-2022 00:18:06 UTC] PHP Notice:  Undefined index: docente_id in /var/www/html/public_html/educacion/profesor/functions/Alumno/Alumno.php on line 65
[18-Jan-2022 00:26:09 UTC] PHP Notice:  Undefined index: docente_id in /var/www/html/public_html/educacion/profesor/functions/Alumno/Alumno.php on line 65
[18-Jan-2022 15:14:12 UTC] PHP Notice:  Undefined index: docente_id in /var/www/html/public_html/educacion/profesor/functions/Alumno/Alumno.php on line 65
[18-Jan-2022 15:30:08 UTC] PHP Notice:  Undefined index: docente_id in /var/www/html/public_html/educacion/profesor/functions/Alumno/Alumno.php on line 65
[18-Jan-2022 17:17:08 UTC] PHP Notice:  Undefined index: docente_id in /var/www/html/public_html/educacion/profesor/functions/Alumno/Alumno.php on line 65
[19-Jan-2022 02:17:40 UTC] PHP Notice:  Undefined index: docente_id in /var/www/html/public_html/educacion/profesor/functions/Alumno/Alumno.php on line 65
[19-Jan-2022 03:22:14 UTC] PHP Notice:  Undefined index: docente_id in /var/www/html/public_html/educacion/profesor/functions/Alumno/Alumno.php on line 65
[19-Jan-2022 04:02:05 UTC] PHP Notice:  Undefined index: docente_id in /var/www/html/public_html/educacion/profesor/functions/Alumno/Alumno.php on line 65
[19-Jan-2022 04:02:24 UTC] PHP Notice:  Undefined index: docente_id in /var/www/html/public_html/educacion/profesor/functions/Alumno/Alumno.php on line 65
[19-Jan-2022 04:03:09 UTC] PHP Notice:  Undefined index: docente_id in /var/www/html/public_html/educacion/profesor/functions/Alumno/Alumno.php on line 65
[19-Jan-2022 04:03:35 UTC] PHP Notice:  Undefined index: docente_id in /var/www/html/public_html/educacion/profesor/functions/Alumno/Alumno.php on line 65
[19-Jan-2022 04:03:48 UTC] PHP Notice:  Undefined index: docente_id in /var/www/html/public_html/educacion/profesor/functions/Alumno/Alumno.php on line 65
[19-Jan-2022 21:35:47 UTC] PHP Notice:  Undefined index: docente_id in /var/www/html/public_html/educacion/profesor/functions/Alumno/Alumno.php on line 65
[20-Jan-2022 02:17:24 UTC] PHP Notice:  Undefined index: docente_id in /var/www/html/public_html/educacion/profesor/functions/Alumno/Alumno.php on line 65
[20-Jan-2022 02:18:06 UTC] PHP Notice:  Undefined index: docente_id in /var/www/html/public_html/educacion/profesor/functions/Alumno/Alumno.php on line 65
[20-Jan-2022 14:16:41 UTC] PHP Notice:  Undefined index: docente_id in /var/www/html/public_html/educacion/profesor/functions/Alumno/Alumno.php on line 65
[21-Jan-2022 02:56:05 UTC] PHP Notice:  Undefined index: docente_id in /var/www/html/public_html/educacion/profesor/functions/Alumno/Alumno.php on line 65
[21-Jan-2022 12:33:13 UTC] PHP Notice:  Undefined index: docente_id in /var/www/html/public_html/educacion/profesor/functions/Alumno/Alumno.php on line 65
[21-Jan-2022 14:08:04 UTC] PHP Notice:  Undefined index: docente_id in /var/www/html/public_html/educacion/profesor/functions/Alumno/Alumno.php on line 65
[21-Jan-2022 14:47:47 UTC] PHP Notice:  Undefined index: docente_id in /var/www/html/public_html/educacion/profesor/functions/Alumno/Alumno.php on line 65
[22-Jan-2022 15:54:01 UTC] PHP Notice:  Undefined index: docente_id in /var/www/html/public_html/educacion/profesor/functions/Alumno/Alumno.php on line 65
[22-Jan-2022 15:54:06 UTC] PHP Notice:  Undefined index: docente_id in /var/www/html/public_html/educacion/profesor/functions/Alumno/Alumno.php on line 65
[22-Jan-2022 15:54:11 UTC] PHP Notice:  Undefined index: docente_id in /var/www/html/public_html/educacion/profesor/functions/Alumno/Alumno.php on line 65
[22-Jan-2022 15:54:15 UTC] PHP Notice:  Undefined index: docente_id in /var/www/html/public_html/educacion/profesor/functions/Alumno/Alumno.php on line 65
[22-Jan-2022 15:54:19 UTC] PHP Notice:  Undefined index: docente_id in /var/www/html/public_html/educacion/profesor/functions/Alumno/Alumno.php on line 65
[22-Jan-2022 15:54:22 UTC] PHP Notice:  Undefined index: docente_id in /var/www/html/public_html/educacion/profesor/functions/Alumno/Alumno.php on line 65
[22-Jan-2022 15:54:49 UTC] PHP Notice:  Undefined index: docente_id in /var/www/html/public_html/educacion/profesor/functions/Alumno/Alumno.php on line 65
[22-Jan-2022 15:54:53 UTC] PHP Notice:  Undefined index: docente_id in /var/www/html/public_html/educacion/profesor/functions/Alumno/Alumno.php on line 65
[22-Jan-2022 15:54:55 UTC] PHP Notice:  Undefined index: docente_id in /var/www/html/public_html/educacion/profesor/functions/Alumno/Alumno.php on line 65
[22-Jan-2022 15:54:58 UTC] PHP Notice:  Undefined index: docente_id in /var/www/html/public_html/educacion/profesor/functions/Alumno/Alumno.php on line 65
[22-Jan-2022 15:55:09 UTC] PHP Notice:  Undefined index: docente_id in /var/www/html/public_html/educacion/profesor/functions/Alumno/Alumno.php on line 65
[22-Jan-2022 15:55:18 UTC] PHP Notice:  Undefined index: docente_id in /var/www/html/public_html/educacion/profesor/functions/Alumno/Alumno.php on line 65
[22-Jan-2022 15:55:21 UTC] PHP Notice:  Undefined index: docente_id in /var/www/html/public_html/educacion/profesor/functions/Alumno/Alumno.php on line 65
[22-Jan-2022 15:55:24 UTC] PHP Notice:  Undefined index: docente_id in /var/www/html/public_html/educacion/profesor/functions/Alumno/Alumno.php on line 65
[22-Jan-2022 15:55:28 UTC] PHP Notice:  Undefined index: docente_id in /var/www/html/public_html/educacion/profesor/functions/Alumno/Alumno.php on line 65
[22-Jan-2022 15:55:30 UTC] PHP Notice:  Undefined index: docente_id in /var/www/html/public_html/educacion/profesor/functions/Alumno/Alumno.php on line 65
[22-Jan-2022 15:55:33 UTC] PHP Notice:  Undefined index: docente_id in /var/www/html/public_html/educacion/profesor/functions/Alumno/Alumno.php on line 65
[22-Jan-2022 15:55:36 UTC] PHP Notice:  Undefined index: docente_id in /var/www/html/public_html/educacion/profesor/functions/Alumno/Alumno.php on line 65
[22-Jan-2022 15:55:40 UTC] PHP Notice:  Undefined index: docente_id in /var/www/html/public_html/educacion/profesor/functions/Alumno/Alumno.php on line 65
[22-Jan-2022 15:55:43 UTC] PHP Notice:  Undefined index: docente_id in /var/www/html/public_html/educacion/profesor/functions/Alumno/Alumno.php on line 65
[22-Jan-2022 15:55:47 UTC] PHP Notice:  Undefined index: docente_id in /var/www/html/public_html/educacion/profesor/functions/Alumno/Alumno.php on line 65
[22-Jan-2022 15:55:50 UTC] PHP Notice:  Undefined index: docente_id in /var/www/html/public_html/educacion/profesor/functions/Alumno/Alumno.php on line 65
[22-Jan-2022 15:56:38 UTC] PHP Notice:  Undefined index: docente_id in /var/www/html/public_html/educacion/profesor/functions/Alumno/Alumno.php on line 65
[22-Jan-2022 15:56:40 UTC] PHP Notice:  Undefined index: docente_id in /var/www/html/public_html/educacion/profesor/functions/Alumno/Alumno.php on line 65
[22-Jan-2022 15:56:42 UTC] PHP Notice:  Undefined index: docente_id in /var/www/html/public_html/educacion/profesor/functions/Alumno/Alumno.php on line 65
[22-Jan-2022 15:56:46 UTC] PHP Notice:  Undefined index: docente_id in /var/www/html/public_html/educacion/profesor/functions/Alumno/Alumno.php on line 65
[22-Jan-2022 15:56:51 UTC] PHP Notice:  Undefined index: docente_id in /var/www/html/public_html/educacion/profesor/functions/Alumno/Alumno.php on line 65
[22-Jan-2022 15:57:00 UTC] PHP Notice:  Undefined index: docente_id in /var/www/html/public_html/educacion/profesor/functions/Alumno/Alumno.php on line 65
[22-Jan-2022 15:57:02 UTC] PHP Notice:  Undefined index: docente_id in /var/www/html/public_html/educacion/profesor/functions/Alumno/Alumno.php on line 65
[22-Jan-2022 15:57:05 UTC] PHP Notice:  Undefined index: docente_id in /var/www/html/public_html/educacion/profesor/functions/Alumno/Alumno.php on line 65
[22-Jan-2022 15:57:13 UTC] PHP Notice:  Undefined index: docente_id in /var/www/html/public_html/educacion/profesor/functions/Alumno/Alumno.php on line 65
[22-Jan-2022 15:57:15 UTC] PHP Notice:  Undefined index: docente_id in /var/www/html/public_html/educacion/profesor/functions/Alumno/Alumno.php on line 65
[22-Jan-2022 15:57:23 UTC] PHP Notice:  Undefined index: docente_id in /var/www/html/public_html/educacion/profesor/functions/Alumno/Alumno.php on line 65
[22-Jan-2022 15:57:26 UTC] PHP Notice:  Undefined index: docente_id in /var/www/html/public_html/educacion/profesor/functions/Alumno/Alumno.php on line 65
[22-Jan-2022 15:57:28 UTC] PHP Notice:  Undefined index: docente_id in /var/www/html/public_html/educacion/profesor/functions/Alumno/Alumno.php on line 65
[22-Jan-2022 15:57:30 UTC] PHP Notice:  Undefined index: docente_id in /var/www/html/public_html/educacion/profesor/functions/Alumno/Alumno.php on line 65
[22-Jan-2022 15:58:21 UTC] PHP Notice:  Undefined index: docente_id in /var/www/html/public_html/educacion/profesor/functions/Alumno/Alumno.php on line 65
[22-Jan-2022 15:59:14 UTC] PHP Notice:  Undefined index: docente_id in /var/www/html/public_html/educacion/profesor/functions/Alumno/Alumno.php on line 65
[02-Feb-2022 14:03:50 UTC] PHP Notice:  Undefined index: docente_id in /var/www/html/public_html/educacion/profesor/functions/Alumno/Alumno.php on line 65
[02-Feb-2022 14:33:43 UTC] PHP Notice:  Undefined index: docente_id in /var/www/html/public_html/educacion/profesor/functions/Alumno/Alumno.php on line 65
[15-Feb-2022 13:37:20 UTC] PHP Notice:  Undefined index: docente_id in /var/www/html/public_html/educacion/profesor/functions/Alumno/Alumno.php on line 65
[15-Feb-2022 15:21:48 UTC] PHP Notice:  Undefined index: docente_id in /var/www/html/public_html/educacion/profesor/functions/Alumno/Alumno.php on line 65
[10-May-2022 13:21:42 UTC] PHP Notice:  Undefined index: docente_id in /var/www/html/public_html/educacion/profesor/functions/Alumno/Alumno.php on line 65
