[27-Sep-2021 16:25:52 UTC] PHP Notice:  Undefined variable: data in /var/www/html/public_html/educacion/admin/functions/Profesor/Profesor.php on line 246
[27-Sep-2021 16:37:28 UTC] PHP Notice:  Undefined variable: data in /var/www/html/public_html/educacion/admin/functions/Profesor/Profesor.php on line 246
[27-Sep-2021 16:38:42 UTC] PHP Notice:  Undefined variable: data in /var/www/html/public_html/educacion/admin/functions/Profesor/Profesor.php on line 246
[27-Sep-2021 16:42:49 UTC] PHP Notice:  Undefined variable: data in /var/www/html/public_html/educacion/admin/functions/Profesor/Profesor.php on line 246
[27-Sep-2021 16:49:23 UTC] PHP Notice:  Undefined variable: data in /var/www/html/public_html/educacion/admin/functions/Profesor/Profesor.php on line 246
[27-Sep-2021 16:50:27 UTC] PHP Notice:  Undefined variable: data in /var/www/html/public_html/educacion/admin/functions/Profesor/Profesor.php on line 246
[27-Sep-2021 16:52:57 UTC] PHP Notice:  Undefined variable: data in /var/www/html/public_html/educacion/admin/functions/Profesor/Profesor.php on line 246
[27-Sep-2021 17:26:17 UTC] PHP Notice:  Undefined variable: data in /var/www/html/public_html/educacion/admin/functions/Profesor/Profesor.php on line 246
[27-Sep-2021 18:05:50 UTC] PHP Notice:  Undefined variable: data in /var/www/html/public_html/educacion/admin/functions/Profesor/Profesor.php on line 246
[10-Oct-2021 22:38:32 UTC] PHP Notice:  Undefined variable: data in /var/www/html/public_html/educacion/admin/functions/Profesor/Profesor.php on line 246
[10-Oct-2021 22:40:02 UTC] PHP Notice:  Undefined variable: data in /var/www/html/public_html/educacion/admin/functions/Profesor/Profesor.php on line 246
[10-Oct-2021 22:40:32 UTC] PHP Notice:  Undefined variable: data in /var/www/html/public_html/educacion/admin/functions/Profesor/Profesor.php on line 246
[10-Oct-2021 22:40:45 UTC] PHP Notice:  Undefined index: file in /var/www/html/public_html/educacion/admin/functions/Profesor/Profesor.php on line 198
[10-Oct-2021 22:40:45 UTC] PHP Notice:  Trying to access array offset on value of type null in /var/www/html/public_html/educacion/admin/functions/Profesor/Profesor.php on line 198
[10-Oct-2021 22:40:45 UTC] PHP Notice:  Undefined index: file in /var/www/html/public_html/educacion/admin/functions/Profesor/Profesor.php on line 199
[10-Oct-2021 22:40:45 UTC] PHP Notice:  Trying to access array offset on value of type null in /var/www/html/public_html/educacion/admin/functions/Profesor/Profesor.php on line 199
[10-Oct-2021 22:40:45 UTC] PHP Notice:  Undefined index: file in /var/www/html/public_html/educacion/admin/functions/Profesor/Profesor.php on line 200
[10-Oct-2021 22:40:45 UTC] PHP Notice:  Trying to access array offset on value of type null in /var/www/html/public_html/educacion/admin/functions/Profesor/Profesor.php on line 200
[10-Oct-2021 22:40:45 UTC] PHP Notice:  Undefined index: file in /var/www/html/public_html/educacion/admin/functions/Profesor/Profesor.php on line 201
[10-Oct-2021 22:40:45 UTC] PHP Notice:  Trying to access array offset on value of type null in /var/www/html/public_html/educacion/admin/functions/Profesor/Profesor.php on line 201
[10-Oct-2021 22:40:45 UTC] PHP Notice:  Undefined index: extension in /var/www/html/public_html/educacion/admin/functions/Profesor/Profesor.php on line 202
[10-Oct-2021 22:40:45 UTC] PHP Notice:  Undefined variable: data in /var/www/html/public_html/educacion/admin/functions/Profesor/Profesor.php on line 246
[11-Jan-2022 20:44:53 UTC] PHP Notice:  Undefined variable: data in /var/www/html/public_html/educacion/admin/functions/Profesor/Profesor.php on line 246
[11-Jan-2022 20:45:35 UTC] PHP Notice:  Undefined variable: data in /var/www/html/public_html/educacion/admin/functions/Profesor/Profesor.php on line 246
[11-Jan-2022 20:48:08 UTC] PHP Notice:  Undefined variable: data in /var/www/html/public_html/educacion/admin/functions/Profesor/Profesor.php on line 246
[11-Jan-2022 20:48:57 UTC] PHP Notice:  Undefined variable: data in /var/www/html/public_html/educacion/admin/functions/Profesor/Profesor.php on line 246
[12-Jan-2022 14:09:03 UTC] PHP Notice:  Undefined variable: data in /var/www/html/public_html/educacion/admin/functions/Profesor/Profesor.php on line 246
[12-Jan-2022 14:18:57 UTC] PHP Notice:  Undefined variable: data in /var/www/html/public_html/educacion/admin/functions/Profesor/Profesor.php on line 246
[17-Jan-2022 03:32:31 UTC] PHP Notice:  Undefined variable: data in /var/www/html/public_html/educacion/admin/functions/Profesor/Profesor.php on line 254
[05-Feb-2022 07:03:25 UTC] PHP Notice:  Undefined variable: data in /var/www/html/public_html/educacion/admin/functions/Profesor/Profesor.php on line 254
[13-Dec-2023 00:28:24 UTC] PHP Notice:  Undefined variable: data in /var/www/html/educacion/admin/functions/Profesor/Profesor.php on line 254
[13-Dec-2023 00:36:27 UTC] PHP Notice:  Undefined variable: data in /var/www/html/educacion/admin/functions/Profesor/Profesor.php on line 254
[13-Dec-2023 00:43:29 UTC] PHP Notice:  Undefined variable: data in /var/www/html/educacion/admin/functions/Profesor/Profesor.php on line 254
