[04-Oct-2021 20:25:30 UTC] PHP Notice:  Undefined variable: data in /var/www/html/public_html/educacion/admin/functions/Usuarios/Usuarios.php on line 136
[04-Oct-2021 20:26:34 UTC] PHP Notice:  Undefined variable: data in /var/www/html/public_html/educacion/admin/functions/Usuarios/Usuarios.php on line 136
[04-Oct-2021 20:30:18 UTC] PHP Notice:  Undefined variable: data in /var/www/html/public_html/educacion/admin/functions/Usuarios/Usuarios.php on line 136
[10-Oct-2021 03:44:00 UTC] PHP Notice:  Undefined variable: data in /var/www/html/public_html/educacion/admin/functions/Usuarios/Usuarios.php on line 136
[10-Oct-2021 22:58:37 UTC] PHP Notice:  Undefined variable: data in /var/www/html/public_html/educacion/admin/functions/Usuarios/Usuarios.php on line 136
[11-Oct-2021 22:48:55 UTC] PHP Notice:  Undefined variable: data in /var/www/html/public_html/educacion/admin/functions/Usuarios/Usuarios.php on line 136
[11-Oct-2021 22:50:19 UTC] PHP Notice:  Undefined variable: data in /var/www/html/public_html/educacion/admin/functions/Usuarios/Usuarios.php on line 136
[18-Oct-2021 23:55:26 UTC] PHP Notice:  Undefined variable: data in /var/www/html/public_html/educacion/admin/functions/Usuarios/Usuarios.php on line 136
[19-Oct-2021 00:31:52 UTC] PHP Notice:  Undefined variable: data in /var/www/html/public_html/educacion/admin/functions/Usuarios/Usuarios.php on line 136
[19-Oct-2021 01:34:11 UTC] PHP Notice:  Undefined variable: data in /var/www/html/public_html/educacion/admin/functions/Usuarios/Usuarios.php on line 136
[19-Oct-2021 02:06:42 UTC] PHP Notice:  Undefined variable: data in /var/www/html/public_html/educacion/admin/functions/Usuarios/Usuarios.php on line 136
[19-Oct-2021 02:45:47 UTC] PHP Notice:  Undefined variable: data in /var/www/html/public_html/educacion/admin/functions/Usuarios/Usuarios.php on line 136
[19-Oct-2021 03:19:16 UTC] PHP Notice:  Undefined variable: data in /var/www/html/public_html/educacion/admin/functions/Usuarios/Usuarios.php on line 136
[19-Oct-2021 04:03:47 UTC] PHP Notice:  Undefined variable: data in /var/www/html/public_html/educacion/admin/functions/Usuarios/Usuarios.php on line 136
[19-Oct-2021 20:37:44 UTC] PHP Notice:  Undefined variable: data in /var/www/html/public_html/educacion/admin/functions/Usuarios/Usuarios.php on line 136
[19-Oct-2021 21:33:01 UTC] PHP Notice:  Undefined variable: data in /var/www/html/public_html/educacion/admin/functions/Usuarios/Usuarios.php on line 136
[19-Oct-2021 22:03:27 UTC] PHP Notice:  Undefined variable: data in /var/www/html/public_html/educacion/admin/functions/Usuarios/Usuarios.php on line 136
[19-Oct-2021 22:04:04 UTC] PHP Notice:  Undefined variable: data in /var/www/html/public_html/educacion/admin/functions/Usuarios/Usuarios.php on line 136
[19-Oct-2021 22:04:21 UTC] PHP Notice:  Undefined variable: data in /var/www/html/public_html/educacion/admin/functions/Usuarios/Usuarios.php on line 136
[19-Oct-2021 22:22:10 UTC] PHP Notice:  Undefined variable: data in /var/www/html/public_html/educacion/admin/functions/Usuarios/Usuarios.php on line 136
[19-Oct-2021 22:22:21 UTC] PHP Notice:  Undefined variable: data in /var/www/html/public_html/educacion/admin/functions/Usuarios/Usuarios.php on line 136
[19-Oct-2021 22:24:20 UTC] PHP Notice:  Undefined variable: data in /var/www/html/public_html/educacion/admin/functions/Usuarios/Usuarios.php on line 136
[19-Oct-2021 22:26:13 UTC] PHP Notice:  Undefined variable: data in /var/www/html/public_html/educacion/admin/functions/Usuarios/Usuarios.php on line 136
[19-Oct-2021 22:28:04 UTC] PHP Notice:  Undefined variable: data in /var/www/html/public_html/educacion/admin/functions/Usuarios/Usuarios.php on line 136
[19-Oct-2021 22:39:36 UTC] PHP Notice:  Undefined variable: data in /var/www/html/public_html/educacion/admin/functions/Usuarios/Usuarios.php on line 136
[19-Oct-2021 22:45:05 UTC] PHP Notice:  Undefined variable: data in /var/www/html/public_html/educacion/admin/functions/Usuarios/Usuarios.php on line 136
[19-Oct-2021 22:46:48 UTC] PHP Notice:  Undefined variable: data in /var/www/html/public_html/educacion/admin/functions/Usuarios/Usuarios.php on line 136
[19-Oct-2021 22:49:04 UTC] PHP Notice:  Undefined variable: data in /var/www/html/public_html/educacion/admin/functions/Usuarios/Usuarios.php on line 136
[19-Oct-2021 22:51:44 UTC] PHP Notice:  Undefined variable: data in /var/www/html/public_html/educacion/admin/functions/Usuarios/Usuarios.php on line 136
[19-Oct-2021 22:51:56 UTC] PHP Notice:  Undefined variable: data in /var/www/html/public_html/educacion/admin/functions/Usuarios/Usuarios.php on line 136
[19-Oct-2021 22:52:05 UTC] PHP Notice:  Undefined variable: data in /var/www/html/public_html/educacion/admin/functions/Usuarios/Usuarios.php on line 136
[19-Oct-2021 22:54:09 UTC] PHP Notice:  Undefined variable: data in /var/www/html/public_html/educacion/admin/functions/Usuarios/Usuarios.php on line 136
[19-Oct-2021 22:54:19 UTC] PHP Notice:  Undefined variable: data in /var/www/html/public_html/educacion/admin/functions/Usuarios/Usuarios.php on line 136
[19-Oct-2021 22:58:12 UTC] PHP Notice:  Undefined variable: data in /var/www/html/public_html/educacion/admin/functions/Usuarios/Usuarios.php on line 136
[19-Oct-2021 22:59:28 UTC] PHP Notice:  Undefined variable: data in /var/www/html/public_html/educacion/admin/functions/Usuarios/Usuarios.php on line 136
[19-Oct-2021 22:59:44 UTC] PHP Notice:  Undefined variable: data in /var/www/html/public_html/educacion/admin/functions/Usuarios/Usuarios.php on line 136
[19-Oct-2021 22:59:57 UTC] PHP Notice:  Undefined variable: data in /var/www/html/public_html/educacion/admin/functions/Usuarios/Usuarios.php on line 136
[20-Oct-2021 01:46:44 UTC] PHP Notice:  Undefined variable: data in /var/www/html/public_html/educacion/admin/functions/Usuarios/Usuarios.php on line 136
[20-Oct-2021 02:24:40 UTC] PHP Notice:  Undefined variable: data in /var/www/html/public_html/educacion/admin/functions/Usuarios/Usuarios.php on line 136
[20-Oct-2021 14:19:53 UTC] PHP Notice:  Undefined variable: data in /var/www/html/public_html/educacion/admin/functions/Usuarios/Usuarios.php on line 136
[20-Oct-2021 15:36:36 UTC] PHP Notice:  Undefined variable: data in /var/www/html/public_html/educacion/admin/functions/Usuarios/Usuarios.php on line 136
[22-Oct-2021 16:24:09 UTC] PHP Notice:  Undefined variable: data in /var/www/html/public_html/educacion/admin/functions/Usuarios/Usuarios.php on line 136
[24-Oct-2021 17:33:25 UTC] PHP Notice:  Undefined variable: data in /var/www/html/public_html/educacion/admin/functions/Usuarios/Usuarios.php on line 136
[25-Oct-2021 02:47:37 UTC] PHP Notice:  Undefined variable: data in /var/www/html/public_html/educacion/admin/functions/Usuarios/Usuarios.php on line 136
[25-Oct-2021 02:49:56 UTC] PHP Notice:  Undefined variable: data in /var/www/html/public_html/educacion/admin/functions/Usuarios/Usuarios.php on line 136
[26-Oct-2021 19:25:33 UTC] PHP Notice:  Undefined variable: data in /var/www/html/public_html/educacion/admin/functions/Usuarios/Usuarios.php on line 136
[16-Nov-2021 00:47:33 UTC] PHP Notice:  Undefined variable: data in /var/www/html/public_html/educacion/admin/functions/Usuarios/Usuarios.php on line 136
[16-Nov-2021 00:47:56 UTC] PHP Notice:  Undefined variable: data in /var/www/html/public_html/educacion/admin/functions/Usuarios/Usuarios.php on line 136
[16-Nov-2021 00:49:59 UTC] PHP Notice:  Undefined variable: data in /var/www/html/public_html/educacion/admin/functions/Usuarios/Usuarios.php on line 136
[16-Nov-2021 00:50:14 UTC] PHP Notice:  Undefined variable: data in /var/www/html/public_html/educacion/admin/functions/Usuarios/Usuarios.php on line 136
[16-Nov-2021 00:50:30 UTC] PHP Notice:  Undefined variable: data in /var/www/html/public_html/educacion/admin/functions/Usuarios/Usuarios.php on line 136
[16-Nov-2021 00:54:30 UTC] PHP Notice:  Undefined variable: data in /var/www/html/public_html/educacion/admin/functions/Usuarios/Usuarios.php on line 136
[16-Nov-2021 00:54:55 UTC] PHP Notice:  Undefined variable: data in /var/www/html/public_html/educacion/admin/functions/Usuarios/Usuarios.php on line 136
[16-Nov-2021 00:55:09 UTC] PHP Notice:  Undefined variable: data in /var/www/html/public_html/educacion/admin/functions/Usuarios/Usuarios.php on line 136
[16-Nov-2021 00:55:19 UTC] PHP Notice:  Undefined variable: data in /var/www/html/public_html/educacion/admin/functions/Usuarios/Usuarios.php on line 136
[16-Nov-2021 00:55:28 UTC] PHP Notice:  Undefined variable: data in /var/www/html/public_html/educacion/admin/functions/Usuarios/Usuarios.php on line 136
[16-Nov-2021 01:41:50 UTC] PHP Notice:  Undefined variable: data in /var/www/html/public_html/educacion/admin/functions/Usuarios/Usuarios.php on line 136
[16-Nov-2021 01:42:29 UTC] PHP Notice:  Undefined variable: data in /var/www/html/public_html/educacion/admin/functions/Usuarios/Usuarios.php on line 136
[16-Nov-2021 01:42:50 UTC] PHP Notice:  Undefined variable: data in /var/www/html/public_html/educacion/admin/functions/Usuarios/Usuarios.php on line 136
[16-Nov-2021 01:48:17 UTC] PHP Notice:  Undefined variable: data in /var/www/html/public_html/educacion/admin/functions/Usuarios/Usuarios.php on line 136
[16-Nov-2021 01:52:25 UTC] PHP Notice:  Undefined variable: data in /var/www/html/public_html/educacion/admin/functions/Usuarios/Usuarios.php on line 136
[16-Nov-2021 02:26:45 UTC] PHP Notice:  Undefined variable: data in /var/www/html/public_html/educacion/admin/functions/Usuarios/Usuarios.php on line 136
[16-Nov-2021 02:27:47 UTC] PHP Notice:  Undefined variable: data in /var/www/html/public_html/educacion/admin/functions/Usuarios/Usuarios.php on line 136
[16-Nov-2021 02:28:16 UTC] PHP Notice:  Undefined variable: data in /var/www/html/public_html/educacion/admin/functions/Usuarios/Usuarios.php on line 136
[16-Nov-2021 23:51:24 UTC] PHP Notice:  Undefined variable: data in /var/www/html/public_html/educacion/admin/functions/Usuarios/Usuarios.php on line 136
[16-Nov-2021 23:52:51 UTC] PHP Notice:  Undefined variable: data in /var/www/html/public_html/educacion/admin/functions/Usuarios/Usuarios.php on line 136
[16-Nov-2021 23:53:05 UTC] PHP Notice:  Undefined variable: data in /var/www/html/public_html/educacion/admin/functions/Usuarios/Usuarios.php on line 136
[04-Dec-2021 15:16:21 UTC] PHP Notice:  Undefined variable: data in /var/www/html/public_html/educacion/admin/functions/Usuarios/Usuarios.php on line 136
[03-Jan-2022 18:12:30 UTC] PHP Notice:  Undefined variable: data in /var/www/html/public_html/educacion/admin/functions/Usuarios/Usuarios.php on line 143
[03-Jan-2022 18:15:24 UTC] PHP Notice:  Undefined variable: data in /var/www/html/public_html/educacion/admin/functions/Usuarios/Usuarios.php on line 143
[11-Jan-2022 20:43:58 UTC] PHP Notice:  Undefined variable: data in /var/www/html/public_html/educacion/admin/functions/Usuarios/Usuarios.php on line 143
[12-Jan-2022 20:26:58 UTC] PHP Notice:  Undefined variable: data in /var/www/html/public_html/educacion/admin/functions/Usuarios/Usuarios.php on line 143
[12-Jan-2022 20:30:23 UTC] PHP Notice:  Undefined variable: data in /var/www/html/public_html/educacion/admin/functions/Usuarios/Usuarios.php on line 143
[12-Jan-2022 20:32:37 UTC] PHP Notice:  Undefined variable: data in /var/www/html/public_html/educacion/admin/functions/Usuarios/Usuarios.php on line 143
[12-Jan-2022 20:33:34 UTC] PHP Notice:  Undefined variable: data in /var/www/html/public_html/educacion/admin/functions/Usuarios/Usuarios.php on line 143
[12-Jan-2022 20:34:54 UTC] PHP Notice:  Undefined variable: data in /var/www/html/public_html/educacion/admin/functions/Usuarios/Usuarios.php on line 143
[12-Jan-2022 20:35:51 UTC] PHP Notice:  Undefined variable: data in /var/www/html/public_html/educacion/admin/functions/Usuarios/Usuarios.php on line 143
[14-Jan-2022 14:36:03 UTC] PHP Notice:  Undefined variable: data in /var/www/html/public_html/educacion/admin/functions/Usuarios/Usuarios.php on line 143
[14-Jan-2022 14:53:06 UTC] PHP Notice:  Undefined variable: data in /var/www/html/public_html/educacion/admin/functions/Usuarios/Usuarios.php on line 143
[14-Jan-2022 14:53:51 UTC] PHP Notice:  Undefined variable: data in /var/www/html/public_html/educacion/admin/functions/Usuarios/Usuarios.php on line 143
[14-Jan-2022 14:54:28 UTC] PHP Notice:  Undefined variable: data in /var/www/html/public_html/educacion/admin/functions/Usuarios/Usuarios.php on line 143
[14-Jan-2022 14:55:26 UTC] PHP Notice:  Undefined variable: data in /var/www/html/public_html/educacion/admin/functions/Usuarios/Usuarios.php on line 143
[14-Jan-2022 14:56:16 UTC] PHP Notice:  Undefined variable: data in /var/www/html/public_html/educacion/admin/functions/Usuarios/Usuarios.php on line 143
[17-Jan-2022 03:31:56 UTC] PHP Notice:  Undefined variable: data in /var/www/html/public_html/educacion/admin/functions/Usuarios/Usuarios.php on line 143
[17-Jan-2022 03:43:31 UTC] PHP Notice:  Undefined variable: data in /var/www/html/public_html/educacion/admin/functions/Usuarios/Usuarios.php on line 143
[17-Jan-2022 03:43:45 UTC] PHP Notice:  Undefined variable: data in /var/www/html/public_html/educacion/admin/functions/Usuarios/Usuarios.php on line 143
[17-Jan-2022 04:33:23 UTC] PHP Notice:  Undefined variable: data in /var/www/html/public_html/educacion/admin/functions/Usuarios/Usuarios.php on line 143
[03-Feb-2022 23:08:14 UTC] PHP Notice:  Undefined variable: data in /var/www/html/public_html/educacion/admin/functions/Usuarios/Usuarios.php on line 143
[05-Feb-2022 08:08:17 UTC] PHP Notice:  Undefined variable: data in /var/www/html/public_html/educacion/admin/functions/Usuarios/Usuarios.php on line 143
[15-Jun-2022 03:58:00 UTC] PHP Notice:  Undefined variable: data in /var/www/html/public_html/educacion/admin/functions/Usuarios/Usuarios.php on line 143
[15-Jun-2022 04:11:43 UTC] PHP Notice:  Undefined variable: data in /var/www/html/public_html/educacion/admin/functions/Usuarios/Usuarios.php on line 143
[17-Jun-2022 04:34:14 UTC] PHP Notice:  Undefined variable: data in /var/www/html/public_html/educacion/admin/functions/Usuarios/Usuarios.php on line 143
[17-Jun-2022 04:45:19 UTC] PHP Notice:  Undefined variable: data in /var/www/html/public_html/educacion/admin/functions/Usuarios/Usuarios.php on line 143
[08-Jan-2024 14:44:59 UTC] PHP Notice:  Undefined variable: data in /var/www/html/educacion/admin/functions/Usuarios/Usuarios.php on line 143
